<?xml version="1.0" encoding="utf-8"?><testsuites name="pytest tests"><testsuite name="pytest" errors="0" failures="0" skipped="0" tests="11" time="6.022" timestamp="2026-06-07T06:49:58.200804+00:00" hostname="agent-env-64beca1d-662b-49b7-b326-16b5da4016dd"><testcase classname="backend.tests.backend_test" name="test_health" time="0.115" /><testcase classname="backend.tests.backend_test" name="test_create_lead" time="0.049" /><testcase classname="backend.tests.backend_test" name="test_list_leads_requires_admin" time="0.424" /><testcase classname="backend.tests.backend_test" name="test_list_leads_admin" time="0.435" /><testcase classname="backend.tests.backend_test" name="test_create_booking" time="0.048" /><testcase classname="backend.tests.backend_test" name="test_list_bookings_admin" time="0.194" /><testcase classname="backend.tests.backend_test" name="test_login_wrong_password" time="0.326" /><testcase classname="backend.tests.backend_test" name="test_me_requires_token" time="0.101" /><testcase classname="backend.tests.backend_test" name="test_me_with_token" time="0.105" /><testcase classname="backend.tests.backend_test" name="test_documents_flow" time="0.247" /><testcase classname="backend.tests.backend_test" name="test_chat_stream_sse" time="3.895" /></testsuite></testsuites>